# JRE version: OpenJDK Runtime Environment (17.0.6) (build 17.0.6+0-b2043.56-10027231)
# Java VM: OpenJDK 64-Bit Server VM (17.0.6+0-b2043.56-10027231, mixed mode, tiered, compressed oops, compressed class ptrs, g1 gc, windows-amd64)
GC Precious Log:
 CPUs: 12 total, 12 available
 Memory: 7896M
 Large Page Support: Disabled
 NUMA Support: Disabled
 Compressed Oops: Enabled (32-bit)
 Heap Region Size: 1M
 Heap Min Capacity: 8M
 Heap Initial Capacity: 124M
 Heap Max Capacity: 2G
 Pre-touch: Disabled
 Parallel Workers: 10
 Concurrent Workers: 3
 Concurrent Refinement Workers: 10
 Periodic GC: Disabled
Heap:
 garbage-first heap   total 155648K, used 126954K [0x0000000080000000, 0x0000000100000000)
  region size 1024K, 64 young (65536K), 4 survivors (4096K)
 Metaspace       used 47049K, committed 47488K, reserved 1097728K
  class space    used 6201K, committed 6400K, reserved 1048576K
GC Heap History (20 events):
Event: 10.358 GC heap before
{Heap before GC invocations=14 (full 0):
 garbage-first heap   total 129024K, used 62224K [0x0000000080000000, 0x0000000100000000)
  region size 1024K, 5 young (5120K), 2 survivors (2048K)
 Metaspace       used 47013K, committed 47424K, reserved 1097728K
  class space    used 6193K, committed 6400K, reserved 1048576K
}
Event: 10.363 GC heap after
{Heap after GC invocations=15 (full 0):
 garbage-first heap   total 129024K, used 61062K [0x0000000080000000, 0x0000000100000000)
  region size 1024K, 2 young (2048K), 2 survivors (2048K)
 Metaspace       used 47013K, committed 47424K, reserved 1097728K
  class space    used 6193K, committed 6400K, reserved 1048576K
}
Event: 10.498 GC heap before
{Heap before GC invocations=16 (full 0):
 garbage-first heap   total 129024K, used 70278K [0x0000000080000000, 0x0000000100000000)
  region size 1024K, 11 young (11264K), 2 survivors (2048K)
 Metaspace       used 47013K, committed 47424K, reserved 1097728K
  class space    used 6193K, committed 6400K, reserved 1048576K
}
Event: 10.506 GC heap after
{Heap after GC invocations=17 (full 0):
 garbage-first heap   total 129024K, used 64144K [0x0000000080000000, 0x0000000100000000)
  region size 1024K, 5 young (5120K), 5 survivors (5120K)
 Metaspace       used 47013K, committed 47424K, reserved 1097728K
  class space    used 6193K, committed 6400K, reserved 1048576K
}
Event: 10.848 GC heap before
{Heap before GC invocations=18 (full 0):
 garbage-first heap   total 129024K, used 99984K [0x0000000080000000, 0x0000000100000000)
  region size 1024K, 39 young (39936K), 5 survivors (5120K)
 Metaspace       used 47013K, committed 47424K, reserved 1097728K
  class space    used 6193K, committed 6400K, reserved 1048576K
}
Event: 10.851 GC heap after
{Heap after GC invocations=19 (full 0):
 garbage-first heap   total 129024K, used 61768K [0x0000000080000000, 0x0000000100000000)
  region size 1024K, 1 young (1024K), 1 survivors (1024K)
 Metaspace       used 47013K, committed 47424K, reserved 1097728K
  class space    used 6193K, committed 6400K, reserved 1048576K
}
Event: 11.154 GC heap before
{Heap before GC invocations=19 (full 0):
 garbage-first heap   total 129024K, used 99656K [0x0000000080000000, 0x0000000100000000)
  region size 1024K, 39 young (39936K), 1 survivors (1024K)
 Metaspace       used 47013K, committed 47424K, reserved 1097728K
  class space    used 6193K, committed 6400K, reserved 1048576K
}
Event: 11.156 GC heap after
{Heap after GC invocations=20 (full 0):
 garbage-first heap   total 129024K, used 61837K [0x0000000080000000, 0x0000000100000000)
  region size 1024K, 1 young (1024K), 1 survivors (1024K)
 Metaspace       used 47013K, committed 47424K, reserved 1097728K
  class space    used 6193K, committed 6400K, reserved 1048576K
}
Event: 11.523 GC heap before
{Heap before GC invocations=21 (full 0):
 garbage-first heap   total 129024K, used 102797K [0x0000000080000000, 0x0000000100000000)
  region size 1024K, 41 young (41984K), 1 survivors (1024K)
 Metaspace       used 47013K, committed 47424K, reserved 1097728K
  class space    used 6193K, committed 6400K, reserved 1048576K
}
Event: 11.526 GC heap after
{Heap after GC invocations=22 (full 0):
 garbage-first heap   total 129024K, used 62277K [0x0000000080000000, 0x0000000100000000)
  region size 1024K, 2 young (2048K), 2 survivors (2048K)
 Metaspace       used 47013K, committed 47424K, reserved 1097728K
  class space    used 6193K, committed 6400K, reserved 1048576K
}
Event: 11.928 GC heap before
{Heap before GC invocations=22 (full 0):
 garbage-first heap   total 129024K, used 104261K [0x0000000080000000, 0x0000000100000000)
  region size 1024K, 43 young (44032K), 2 survivors (2048K)
 Metaspace       used 47013K, committed 47424K, reserved 1097728K
  class space    used 6193K, committed 6400K, reserved 1048576K
}
Event: 11.930 GC heap after
{Heap after GC invocations=23 (full 0):
 garbage-first heap   total 129024K, used 62440K [0x0000000080000000, 0x0000000100000000)
  region size 1024K, 2 young (2048K), 2 survivors (2048K)
 Metaspace       used 47013K, committed 47424K, reserved 1097728K
  class space    used 6193K, committed 6400K, reserved 1048576K
}
Event: 12.420 GC heap before
{Heap before GC invocations=24 (full 0):
 garbage-first heap   total 129024K, used 105448K [0x0000000080000000, 0x0000000100000000)
  region size 1024K, 44 young (45056K), 2 survivors (2048K)
 Metaspace       used 47013K, committed 47424K, reserved 1097728K
  class space    used 6193K, committed 6400K, reserved 1048576K
}
Event: 12.423 GC heap after
{Heap after GC invocations=25 (full 0):
 garbage-first heap   total 155648K, used 62818K [0x0000000080000000, 0x0000000100000000)
  region size 1024K, 2 young (2048K), 2 survivors (2048K)
 Metaspace       used 47013K, committed 47424K, reserved 1097728K
  class space    used 6193K, committed 6400K, reserved 1048576K
}
Event: 12.946 GC heap before
{Heap before GC invocations=25 (full 0):
 garbage-first heap   total 155648K, used 128354K [0x0000000080000000, 0x0000000100000000)
  region size 1024K, 66 young (67584K), 2 survivors (2048K)
 Metaspace       used 47039K, committed 47488K, reserved 1097728K
  class space    used 6201K, committed 6400K, reserved 1048576K
}
Event: 12.950 GC heap after
{Heap after GC invocations=26 (full 0):
 garbage-first heap   total 155648K, used 63421K [0x0000000080000000, 0x0000000100000000)
  region size 1024K, 3 young (3072K), 3 survivors (3072K)
 Metaspace       used 47039K, committed 47488K, reserved 1097728K
  class space    used 6201K, committed 6400K, reserved 1048576K
}
Event: 13.691 GC heap before
{Heap before GC invocations=26 (full 0):
 garbage-first heap   total 155648K, used 131005K [0x0000000080000000, 0x0000000100000000)
  region size 1024K, 69 young (70656K), 3 survivors (3072K)
 Metaspace       used 47044K, committed 47488K, reserved 1097728K
  class space    used 6201K, committed 6400K, reserved 1048576K
}
Event: 13.696 GC heap after
{Heap after GC invocations=27 (full 0):
 garbage-first heap   total 155648K, used 63971K [0x0000000080000000, 0x0000000100000000)
  region size 1024K, 3 young (3072K), 3 survivors (3072K)
 Metaspace       used 47044K, committed 47488K, reserved 1097728K
  class space    used 6201K, committed 6400K, reserved 1048576K
}
Event: 14.598 GC heap before
{Heap before GC invocations=27 (full 0):
 garbage-first heap   total 155648K, used 132579K [0x0000000080000000, 0x0000000100000000)
  region size 1024K, 70 young (71680K), 3 survivors (3072K)
 Metaspace       used 47049K, committed 47488K, reserved 1097728K
  class space    used 6201K, committed 6400K, reserved 1048576K
}
Event: 14.601 GC heap after
{Heap after GC invocations=28 (full 0):
 garbage-first heap   total 155648K, used 64490K [0x0000000080000000, 0x0000000100000000)
  region size 1024K, 4 young (4096K), 4 survivors (4096K)
 Metaspace       used 47049K, committed 47488K, reserved 1097728K
  class space    used 6201K, committed 6400K, reserved 1048576K
}

